{"/Users/andrei/git/firecloud/lodash-firecloud/src/abstract.js": {"path":"/Users/andrei/git/firecloud/lodash-firecloud/src/abstract.js","statementMap":{"0":{"start":{"line":1,"column":11},"end":{"line":1,"column":7}},"1":{"start":{"line":2,"column":2},"end":{"line":null,"column":-1}},"2":{"start":{"line":3,"column":4},"end":{"line":null,"column":-1}}},"fnMap":{"0":{"name":"(anonymous_0)","decl":{"start":{"line":1,"column":22},"end":{"line":1,"column":30}},"loc":{"start":{"line":1,"column":44},"end":{"line":1,"column":7}}},"1":{"name":"(anonymous_1)","decl":{"start":{"line":2,"column":9},"end":{"line":2,"column":19}},"loc":{"start":{"line":2,"column":20},"end":{"line":2,"column":2}}}},"branchMap":{"0":{"loc":{"start":{"line":1,"column":38},"end":{"line":1,"column":22}},"type":"default-arg","locations":[{"start":{"line":1,"column":38},"end":{"line":1,"column":22}}]}},"s":{"0":0,"1":0,"2":0},"f":{"0":0,"1":0},"b":{"0":[0]}}
,"/Users/andrei/git/firecloud/lodash-firecloud/src/base64.js": {"path":"/Users/andrei/git/firecloud/lodash-firecloud/src/base64.js","statementMap":{"0":{"start":{"line":1,"column":11},"end":{"line":1,"column":7}},"1":{"start":{"line":3,"column":10},"end":{"line":3,"column":2}},"2":{"start":{"line":5,"column":15},"end":{"line":5,"column":2}},"3":{"start":{"line":6,"column":2},"end":{"line":null,"column":-1}},"4":{"start":{"line":7,"column":2},"end":{"line":null,"column":-1}}},"fnMap":{"0":{"name":"(anonymous_0)","decl":{"start":{"line":1,"column":20},"end":{"line":1,"column":28}},"loc":{"start":{"line":1,"column":37},"end":{"line":1,"column":7}}}},"branchMap":{},"s":{"0":0,"1":0,"2":0,"3":0,"4":0},"f":{"0":0},"b":{}}
,"/Users/andrei/git/firecloud/lodash-firecloud/src/console-log-time.js": {"path":"/Users/andrei/git/firecloud/lodash-firecloud/src/console-log-time.js","statementMap":{"0":{"start":{"line":1,"column":11},"end":{"line":1,"column":7}},"1":{"start":{"line":1,"column":11},"end":{"line":null,"column":-1}},"2":{"start":{"line":3,"column":10},"end":{"line":3,"column":2}},"3":{"start":{"line":6,"column":2},"end":{"line":null,"column":-1}},"4":{"start":{"line":9,"column":2},"end":{"line":null,"column":-1}},"5":{"start":{"line":11,"column":22},"end":{"line":11,"column":2}},"6":{"start":{"line":12,"column":2},"end":{"line":14,"column":3}},"7":{"start":{"line":13,"column":4},"end":{"line":null,"column":-1}},"8":{"start":{"line":17,"column":2},"end":{"line":null,"column":-1}}},"fnMap":{"0":{"name":"(anonymous_0)","decl":{"start":{"line":1,"column":11},"end":{"line":null,"column":-1}},"loc":{"start":{"line":1,"column":11},"end":{"line":1,"column":6}}},"1":{"name":"(anonymous_1)","decl":{"start":{"line":1,"column":28},"end":{"line":1,"column":42}},"loc":{"start":{"line":1,"column":54},"end":{"line":1,"column":11}}}},"branchMap":{"0":{"loc":{"start":{"line":12,"column":2},"end":{"line":14,"column":3}},"type":"if","locations":[{"start":{"line":12,"column":2},"end":{"line":14,"column":3}},{"start":{"line":12,"column":2},"end":{"line":14,"column":3}}]}},"s":{"0":0,"1":0,"2":0,"3":0,"4":0,"5":0,"6":0,"7":0,"8":0},"f":{"0":0,"1":0},"b":{"0":[0,0]}}
,"/Users/andrei/git/firecloud/lodash-firecloud/src/index.js": {"path":"/Users/andrei/git/firecloud/lodash-firecloud/src/index.js","statementMap":{"0":{"start":{"line":1,"column":0},"end":{"line":null,"column":-1}},"1":{"start":{"line":2,"column":0},"end":{"line":null,"column":-1}},"2":{"start":{"line":3,"column":0},"end":{"line":null,"column":-1}},"3":{"start":{"line":4,"column":0},"end":{"line":null,"column":-1}},"4":{"start":{"line":5,"column":0},"end":{"line":null,"column":-1}},"5":{"start":{"line":6,"column":0},"end":{"line":null,"column":-1}},"6":{"start":{"line":7,"column":0},"end":{"line":null,"column":-1}},"7":{"start":{"line":8,"column":0},"end":{"line":null,"column":-1}},"8":{"start":{"line":10,"column":11},"end":{"line":10,"column":7}},"9":{"start":{"line":20,"column":11},"end":{"line":20,"column":7}},"10":{"start":{"line":21,"column":22},"end":{"line":21,"column":2}},"11":{"start":{"line":22,"column":2},"end":{"line":null,"column":-1}},"12":{"start":{"line":23,"column":2},"end":{"line":null,"column":-1}}},"fnMap":{"0":{"name":"(anonymous_1)","decl":{"start":{"line":20,"column":16},"end":{"line":20,"column":26}},"loc":{"start":{"line":20,"column":27},"end":{"line":20,"column":15}}}},"branchMap":{},"s":{"0":0,"1":0,"2":0,"3":0,"4":0,"5":0,"6":0,"7":0,"8":0,"9":0,"10":0,"11":0,"12":0},"f":{"0":0},"b":{}}
,"/Users/andrei/git/firecloud/lodash-firecloud/src/map-values-deep.js": {"path":"/Users/andrei/git/firecloud/lodash-firecloud/src/map-values-deep.js","statementMap":{"0":{"start":{"line":1,"column":11},"end":{"line":1,"column":7}},"1":{"start":{"line":3,"column":10},"end":{"line":3,"column":2}},"2":{"start":{"line":5,"column":2},"end":{"line":null,"column":-1}},"3":{"start":{"line":6,"column":4},"end":{"line":null,"column":-1}},"4":{"start":{"line":7,"column":6},"end":{"line":null,"column":-1}}},"fnMap":{"0":{"name":"(anonymous_0)","decl":{"start":{"line":1,"column":27},"end":{"line":1,"column":35}},"loc":{"start":{"line":1,"column":40},"end":{"line":1,"column":7}}},"1":{"name":"(anonymous_1)","decl":{"start":{"line":5,"column":9},"end":{"line":5,"column":17}},"loc":{"start":{"line":5,"column":32},"end":{"line":5,"column":2}}},"2":{"name":"(anonymous_2)","decl":{"start":{"line":6,"column":31},"end":{"line":6,"column":39}},"loc":{"start":{"line":6,"column":43},"end":{"line":6,"column":14}}}},"branchMap":{"0":{"loc":{"start":{"line":7,"column":34},"end":{"line":7,"column":13}},"type":"cond-expr","locations":[{"start":{"line":7,"column":34},"end":{"line":7,"column":13}},{"start":{"line":7,"column":68},"end":{"line":7,"column":6}}]}},"s":{"0":0,"1":0,"2":0,"3":0,"4":0},"f":{"0":0,"1":0,"2":0},"b":{"0":[0,0]}}
,"/Users/andrei/git/firecloud/lodash-firecloud/src/once-in.js": {"path":"/Users/andrei/git/firecloud/lodash-firecloud/src/once-in.js","statementMap":{"0":{"start":{"line":4,"column":20},"end":{"line":33,"column":1}},"1":{"start":{"line":5,"column":23},"end":{"line":5,"column":24}},"2":{"start":{"line":8,"column":17},"end":{"line":17,"column":3}},"3":{"start":{"line":9,"column":14},"end":{"line":9,"column":24}},"4":{"start":{"line":10,"column":4},"end":{"line":12,"column":5}},"5":{"start":{"line":11,"column":6},"end":{"line":11,"column":30}},"6":{"start":{"line":14,"column":4},"end":{"line":14,"column":25}},"7":{"start":{"line":15,"column":4},"end":{"line":15,"column":35}},"8":{"start":{"line":16,"column":4},"end":{"line":16,"column":28}},"9":{"start":{"line":20,"column":2},"end":{"line":24,"column":3}},"10":{"start":{"line":21,"column":4},"end":{"line":23,"column":6}},"11":{"start":{"line":22,"column":6},"end":{"line":22,"column":25}},"12":{"start":{"line":27,"column":2},"end":{"line":29,"column":4}},"13":{"start":{"line":28,"column":4},"end":{"line":28,"column":23}},"14":{"start":{"line":30,"column":2},"end":{"line":30,"column":34}},"15":{"start":{"line":32,"column":2},"end":{"line":32,"column":18}}},"fnMap":{"0":{"name":"(anonymous_0)","decl":{"start":{"line":4,"column":20},"end":{"line":4,"column":21}},"loc":{"start":{"line":4,"column":43},"end":{"line":33,"column":1}},"line":4},"1":{"name":"(anonymous_1)","decl":{"start":{"line":8,"column":17},"end":{"line":8,"column":18}},"loc":{"start":{"line":8,"column":35},"end":{"line":17,"column":3}},"line":8},"2":{"name":"(anonymous_2)","decl":{"start":{"line":21,"column":15},"end":{"line":21,"column":16}},"loc":{"start":{"line":21,"column":33},"end":{"line":23,"column":5}},"line":21},"3":{"name":"(anonymous_3)","decl":{"start":{"line":27,"column":19},"end":{"line":27,"column":20}},"loc":{"start":{"line":27,"column":30},"end":{"line":29,"column":3}},"line":27}},"branchMap":{"0":{"loc":{"start":{"line":10,"column":4},"end":{"line":12,"column":5}},"type":"if","locations":[{"start":{"line":10,"column":4},"end":{"line":12,"column":5}},{"start":{"line":10,"column":4},"end":{"line":12,"column":5}}],"line":10},"1":{"loc":{"start":{"line":20,"column":2},"end":{"line":24,"column":3}},"type":"if","locations":[{"start":{"line":20,"column":2},"end":{"line":24,"column":3}},{"start":{"line":20,"column":2},"end":{"line":24,"column":3}}],"line":20}},"s":{"0":1,"1":6,"2":6,"3":22,"4":22,"5":18,"6":4,"7":4,"8":4,"9":6,"10":3,"11":14,"12":6,"13":2,"14":6,"15":6},"f":{"0":6,"1":22,"2":14,"3":2},"b":{"0":[18,4],"1":[3,3]},"_coverageSchema":"332fd63041d2c1bcb487cc26dd0d5f7d97098a6c","hash":"e1e531f0724b611037ffda01f34c4a198b1d6df3"}
,"/Users/andrei/git/firecloud/lodash-firecloud/src/promisify.js": {"path":"/Users/andrei/git/firecloud/lodash-firecloud/src/promisify.js","statementMap":{"0":{"start":{"line":1,"column":11},"end":{"line":1,"column":7}},"1":{"start":{"line":5,"column":2},"end":{"line":null,"column":-1}},"2":{"start":{"line":6,"column":4},"end":{"line":null,"column":-1}},"3":{"start":{"line":7,"column":21},"end":{"line":7,"column":6}},"4":{"start":{"line":8,"column":8},"end":{"line":14,"column":9}},"5":{"start":{"line":9,"column":20},"end":{"line":9,"column":10}},"6":{"start":{"line":10,"column":10},"end":{"line":13,"column":11}},"7":{"start":{"line":11,"column":12},"end":{"line":null,"column":-1}},"8":{"start":{"line":12,"column":12},"end":{"line":null,"column":-1}},"9":{"start":{"line":16,"column":8},"end":{"line":null,"column":-1}},"10":{"start":{"line":18,"column":10},"end":{"line":null,"column":-1}},"11":{"start":{"line":19,"column":10},"end":{"line":null,"column":-1}},"12":{"start":{"line":22,"column":10},"end":{"line":null,"column":-1}},"13":{"start":{"line":23,"column":10},"end":{"line":null,"column":-1}},"14":{"start":{"line":26,"column":10},"end":{"line":null,"column":-1}},"15":{"start":{"line":27,"column":10},"end":{"line":null,"column":-1}},"16":{"start":{"line":31,"column":6},"end":{"line":35,"column":7}},"17":{"start":{"line":32,"column":8},"end":{"line":null,"column":-1}},"18":{"start":{"line":34,"column":8},"end":{"line":null,"column":-1}},"19":{"start":{"line":36,"column":6},"end":{"line":null,"column":-1}}},"fnMap":{"0":{"name":"(anonymous_0)","decl":{"start":{"line":1,"column":23},"end":{"line":1,"column":31}},"loc":{"start":{"line":4,"column":8},"end":{"line":1,"column":7}}},"1":{"name":"(anonymous_1)","decl":{"start":{"line":5,"column":9},"end":{"line":5,"column":17}},"loc":{"start":{"line":5,"column":27},"end":{"line":5,"column":2}}},"2":{"name":"(anonymous_2)","decl":{"start":{"line":6,"column":23},"end":{"line":6,"column":31}},"loc":{"start":{"line":6,"column":49},"end":{"line":6,"column":11}}},"3":{"name":"(anonymous_3)","decl":{"start":{"line":7,"column":21},"end":{"line":7,"column":29}},"loc":{"start":{"line":7,"column":42},"end":{"line":7,"column":6}}}},"branchMap":{"0":{"loc":{"start":{"line":4,"column":4},"end":{"line":1,"column":23}},"type":"default-arg","locations":[{"start":{"line":4,"column":4},"end":{"line":1,"column":23}}]},"1":{"loc":{"start":{"line":2,"column":18},"end":{"line":1,"column":40}},"type":"default-arg","locations":[{"start":{"line":2,"column":18},"end":{"line":1,"column":40}}]},"2":{"loc":{"start":{"line":3,"column":20},"end":{"line":null,"column":-1}},"type":"default-arg","locations":[{"start":{"line":3,"column":20},"end":{"line":null,"column":-1}}]},"3":{"loc":{"start":{"line":8,"column":8},"end":{"line":14,"column":9}},"type":"if","locations":[{"start":{"line":8,"column":8},"end":{"line":14,"column":9}},{"start":{"line":8,"column":8},"end":{"line":14,"column":9}}]},"4":{"loc":{"start":{"line":10,"column":10},"end":{"line":13,"column":11}},"type":"if","locations":[{"start":{"line":10,"column":10},"end":{"line":13,"column":11}},{"start":{"line":10,"column":10},"end":{"line":13,"column":11}}]},"5":{"loc":{"start":{"line":17,"column":8},"end":{"line":19,"column":10}},"type":"switch","locations":[{"start":{"line":17,"column":8},"end":{"line":19,"column":10}},{"start":{"line":21,"column":8},"end":{"line":23,"column":10}},{"start":{"line":25,"column":8},"end":{"line":27,"column":10}}]},"6":{"loc":{"start":{"line":31,"column":6},"end":{"line":35,"column":7}},"type":"if","locations":[{"start":{"line":31,"column":6},"end":{"line":35,"column":7}},{"start":{"line":31,"column":6},"end":{"line":35,"column":7}}]}},"s":{"0":0,"1":0,"2":0,"3":0,"4":0,"5":0,"6":0,"7":0,"8":0,"9":0,"10":0,"11":0,"12":0,"13":0,"14":0,"15":0,"16":0,"17":0,"18":0,"19":0},"f":{"0":0,"1":0,"2":0,"3":0},"b":{"0":[0],"1":[0],"2":[0],"3":[0,0],"4":[0,0],"5":[0,0,0],"6":[0,0]}}
,"/Users/andrei/git/firecloud/lodash-firecloud/src/unbase64.js": {"path":"/Users/andrei/git/firecloud/lodash-firecloud/src/unbase64.js","statementMap":{"0":{"start":{"line":1,"column":11},"end":{"line":1,"column":7}},"1":{"start":{"line":2,"column":15},"end":{"line":2,"column":2}},"2":{"start":{"line":3,"column":2},"end":{"line":null,"column":-1}}},"fnMap":{"0":{"name":"(anonymous_0)","decl":{"start":{"line":1,"column":22},"end":{"line":1,"column":30}},"loc":{"start":{"line":1,"column":39},"end":{"line":1,"column":7}}}},"branchMap":{},"s":{"0":0,"1":0,"2":0},"f":{"0":0},"b":{}}
}
